# JRE version: Java(TM) SE Runtime Environment (8.0_171-b11) (build 1.8.0_171-b11)
# Java VM: Java HotSpot(TM) 64-Bit Server VM (25.171-b11 mixed mode windows-amd64 compressed oops)
Heap:
 PSYoungGen      total 279040K, used 35033K [0x00000000eb300000, 0x00000000fdf80000, 0x0000000100000000)
  eden space 267264K, 13% used [0x00000000eb300000,0x00000000ed5365d8,0x00000000fb800000)
  from space 11776K, 0% used [0x00000000fc300000,0x00000000fc300000,0x00000000fce80000)
  to   space 11264K, 0% used [0x00000000fb800000,0x00000000fb800000,0x00000000fc300000)
 ParOldGen       total 61952K, used 24910K [0x00000000c1800000, 0x00000000c5480000, 0x00000000eb300000)
  object space 61952K, 40% used [0x00000000c1800000,0x00000000c3053828,0x00000000c5480000)
 Metaspace       used 35935K, capacity 36482K, committed 36696K, reserved 1081344K
  class space    used 4783K, capacity 4932K, committed 4992K, reserved 1048576K
GC Heap History (10 events):
Event: 3.760 GC heap before
{Heap before GC invocations=10 (full 1):
 PSYoungGen      total 138752K, used 2919K [0x00000000eb300000, 0x00000000f8f80000, 0x0000000100000000)
  eden space 130048K, 0% used [0x00000000eb300000,0x00000000eb300000,0x00000000f3200000)
  from space 8704K, 33% used [0x00000000f3200000,0x00000000f34d9e60,0x00000000f3a80000)
  to   space 8704K, 0% used [0x00000000f8700000,0x00000000f8700000,0x00000000f8f80000)
 ParOldGen       total 44032K, used 12369K [0x00000000c1800000, 0x00000000c4300000, 0x00000000eb300000)
  object space 44032K, 28% used [0x00000000c1800000,0x00000000c2414488,0x00000000c4300000)
 Metaspace       used 20853K, capacity 21208K, committed 21248K, reserved 1067008K
  class space    used 2681K, capacity 2789K, committed 2816K, reserved 1048576K
Event: 3.846 GC heap after
Heap after GC invocations=10 (full 1):
 PSYoungGen      total 138752K, used 0K [0x00000000eb300000, 0x00000000f8f80000, 0x0000000100000000)
  eden space 130048K, 0% used [0x00000000eb300000,0x00000000eb300000,0x00000000f3200000)
  from space 8704K, 0% used [0x00000000f3200000,0x00000000f3200000,0x00000000f3a80000)
  to   space 8704K, 0% used [0x00000000f8700000,0x00000000f8700000,0x00000000f8f80000)
 ParOldGen       total 36352K, used 11687K [0x00000000c1800000, 0x00000000c3b80000, 0x00000000eb300000)
  object space 36352K, 32% used [0x00000000c1800000,0x00000000c2369ed0,0x00000000c3b80000)
 Metaspace       used 20853K, capacity 21208K, committed 21248K, reserved 1067008K
  class space    used 2681K, capacity 2789K, committed 2816K, reserved 1048576K
}
Event: 5.162 GC heap before
{Heap before GC invocations=11 (full 1):
 PSYoungGen      total 138752K, used 130048K [0x00000000eb300000, 0x00000000f8f80000, 0x0000000100000000)
  eden space 130048K, 100% used [0x00000000eb300000,0x00000000f3200000,0x00000000f3200000)
  from space 8704K, 0% used [0x00000000f3200000,0x00000000f3200000,0x00000000f3a80000)
  to   space 8704K, 0% used [0x00000000f8700000,0x00000000f8700000,0x00000000f8f80000)
 ParOldGen       total 36352K, used 11687K [0x00000000c1800000, 0x00000000c3b80000, 0x00000000eb300000)
  object space 36352K, 32% used [0x00000000c1800000,0x00000000c2369ed0,0x00000000c3b80000)
 Metaspace       used 26323K, capacity 26744K, committed 26880K, reserved 1073152K
  class space    used 3453K, capacity 3573K, committed 3584K, reserved 1048576K
Event: 5.177 GC heap after
Heap after GC invocations=11 (full 1):
 PSYoungGen      total 196608K, used 8699K [0x00000000eb300000, 0x00000000f8f80000, 0x0000000100000000)
  eden space 187904K, 0% used [0x00000000eb300000,0x00000000eb300000,0x00000000f6a80000)
  from space 8704K, 99% used [0x00000000f8700000,0x00000000f8f7ef98,0x00000000f8f80000)
  to   space 11264K, 0% used [0x00000000f7980000,0x00000000f7980000,0x00000000f8480000)
 ParOldGen       total 36352K, used 15444K [0x00000000c1800000, 0x00000000c3b80000, 0x00000000eb300000)
  object space 36352K, 42% used [0x00000000c1800000,0x00000000c2715040,0x00000000c3b80000)
 Metaspace       used 26323K, capacity 26744K, committed 26880K, reserved 1073152K
  class space    used 3453K, capacity 3573K, committed 3584K, reserved 1048576K
}
Event: 6.722 GC heap before
{Heap before GC invocations=12 (full 1):
 PSYoungGen      total 196608K, used 196603K [0x00000000eb300000, 0x00000000f8f80000, 0x0000000100000000)
  eden space 187904K, 100% used [0x00000000eb300000,0x00000000f6a80000,0x00000000f6a80000)
  from space 8704K, 99% used [0x00000000f8700000,0x00000000f8f7ef98,0x00000000f8f80000)
  to   space 11264K, 0% used [0x00000000f7980000,0x00000000f7980000,0x00000000f8480000)
 ParOldGen       total 36352K, used 15444K [0x00000000c1800000, 0x00000000c3b80000, 0x00000000eb300000)
  object space 36352K, 42% used [0x00000000c1800000,0x00000000c2715040,0x00000000c3b80000)
 Metaspace       used 30532K, capacity 31116K, committed 31360K, reserved 1077248K
  class space    used 4071K, capacity 4211K, committed 4224K, reserved 1048576K
Event: 6.752 GC heap after
Heap after GC invocations=12 (full 1):
 PSYoungGen      total 214528K, used 8917K [0x00000000eb300000, 0x00000000fce80000, 0x0000000100000000)
  eden space 203264K, 0% used [0x00000000eb300000,0x00000000eb300000,0x00000000f7980000)
  from space 11264K, 79% used [0x00000000f7980000,0x00000000f82357a8,0x00000000f8480000)
  to   space 11776K, 0% used [0x00000000fc300000,0x00000000fc300000,0x00000000fce80000)
 ParOldGen       total 36352K, used 23691K [0x00000000c1800000, 0x00000000c3b80000, 0x00000000eb300000)
  object space 36352K, 65% used [0x00000000c1800000,0x00000000c2f22f90,0x00000000c3b80000)
 Metaspace       used 30532K, capacity 31116K, committed 31360K, reserved 1077248K
  class space    used 4071K, capacity 4211K, committed 4224K, reserved 1048576K
}
Event: 7.350 GC heap before
{Heap before GC invocations=13 (full 1):
 PSYoungGen      total 214528K, used 36970K [0x00000000eb300000, 0x00000000fce80000, 0x0000000100000000)
  eden space 203264K, 13% used [0x00000000eb300000,0x00000000ece652c0,0x00000000f7980000)
  from space 11264K, 79% used [0x00000000f7980000,0x00000000f82357a8,0x00000000f8480000)
  to   space 11776K, 0% used [0x00000000fc300000,0x00000000fc300000,0x00000000fce80000)
 ParOldGen       total 36352K, used 23691K [0x00000000c1800000, 0x00000000c3b80000, 0x00000000eb300000)
  object space 36352K, 65% used [0x00000000c1800000,0x00000000c2f22f90,0x00000000c3b80000)
 Metaspace       used 34813K, capacity 35298K, committed 35416K, reserved 1079296K
  class space    used 4587K, capacity 4708K, committed 4736K, reserved 1048576K
Event: 7.366 GC heap after
Heap after GC invocations=13 (full 1):
 PSYoungGen      total 279040K, used 4588K [0x00000000eb300000, 0x00000000fdf80000, 0x0000000100000000)
  eden space 267264K, 0% used [0x00000000eb300000,0x00000000eb300000,0x00000000fb800000)
  from space 11776K, 38% used [0x00000000fc300000,0x00000000fc77b180,0x00000000fce80000)
  to   space 11264K, 0% used [0x00000000fb800000,0x00000000fb800000,0x00000000fc300000)
 ParOldGen       total 36352K, used 28290K [0x00000000c1800000, 0x00000000c3b80000, 0x00000000eb300000)
  object space 36352K, 77% used [0x00000000c1800000,0x00000000c33a08d8,0x00000000c3b80000)
 Metaspace       used 34813K, capacity 35298K, committed 35416K, reserved 1079296K
  class space    used 4587K, capacity 4708K, committed 4736K, reserved 1048576K
}
Event: 7.366 GC heap before
{Heap before GC invocations=14 (full 2):
 PSYoungGen      total 279040K, used 4588K [0x00000000eb300000, 0x00000000fdf80000, 0x0000000100000000)
  eden space 267264K, 0% used [0x00000000eb300000,0x00000000eb300000,0x00000000fb800000)
  from space 11776K, 38% used [0x00000000fc300000,0x00000000fc77b180,0x00000000fce80000)
  to   space 11264K, 0% used [0x00000000fb800000,0x00000000fb800000,0x00000000fc300000)
 ParOldGen       total 36352K, used 28290K [0x00000000c1800000, 0x00000000c3b80000, 0x00000000eb300000)
  object space 36352K, 77% used [0x00000000c1800000,0x00000000c33a08d8,0x00000000c3b80000)
 Metaspace       used 34813K, capacity 35298K, committed 35416K, reserved 1079296K
  class space    used 4587K, capacity 4708K, committed 4736K, reserved 1048576K
Event: 7.546 GC heap after
Heap after GC invocations=14 (full 2):
 PSYoungGen      total 279040K, used 0K [0x00000000eb300000, 0x00000000fdf80000, 0x0000000100000000)
  eden space 267264K, 0% used [0x00000000eb300000,0x00000000eb300000,0x00000000fb800000)
  from space 11776K, 0% used [0x00000000fc300000,0x00000000fc300000,0x00000000fce80000)
  to   space 11264K, 0% used [0x00000000fb800000,0x00000000fb800000,0x00000000fc300000)
 ParOldGen       total 61952K, used 24910K [0x00000000c1800000, 0x00000000c5480000, 0x00000000eb300000)
  object space 61952K, 40% used [0x00000000c1800000,0x00000000c3053828,0x00000000c5480000)
 Metaspace       used 34813K, capacity 35298K, committed 35416K, reserved 1079296K
  class space    used 4587K, capacity 4708K, committed 4736K, reserved 1048576K
}

