# JRE version: Java(TM) SE Runtime Environment (8.0_171-b11) (build 1.8.0_171-b11)
# Java VM: Java HotSpot(TM) 64-Bit Server VM (25.171-b11 mixed mode windows-amd64 compressed oops)
Heap:
 PSYoungGen      total 288768K, used 33075K [0x00000000eb300000, 0x00000000fe780000, 0x0000000100000000)
  eden space 276992K, 11% used [0x00000000eb300000,0x00000000ed34cd60,0x00000000fc180000)
  from space 11776K, 0% used [0x00000000fcd00000,0x00000000fcd00000,0x00000000fd880000)
  to   space 11776K, 0% used [0x00000000fc180000,0x00000000fc180000,0x00000000fcd00000)
 ParOldGen       total 58880K, used 24304K [0x00000000c1800000, 0x00000000c5180000, 0x00000000eb300000)
  object space 58880K, 41% used [0x00000000c1800000,0x00000000c2fbc040,0x00000000c5180000)
 Metaspace       used 35774K, capacity 36354K, committed 36776K, reserved 1081344K
  class space    used 4763K, capacity 4932K, committed 5040K, reserved 1048576K
GC Heap History (10 events):
Event: 10.719 GC heap before
{Heap before GC invocations=10 (full 1):
 PSYoungGen      total 138752K, used 3421K [0x00000000eb300000, 0x00000000f8f00000, 0x0000000100000000)
  eden space 130560K, 0% used [0x00000000eb300000,0x00000000eb300000,0x00000000f3280000)
  from space 8192K, 41% used [0x00000000f3280000,0x00000000f35d74e0,0x00000000f3a80000)
  to   space 8192K, 0% used [0x00000000f8700000,0x00000000f8700000,0x00000000f8f00000)
 ParOldGen       total 44032K, used 11962K [0x00000000c1800000, 0x00000000c4300000, 0x00000000eb300000)
  object space 44032K, 27% used [0x00000000c1800000,0x00000000c23ae8b8,0x00000000c4300000)
 Metaspace       used 20889K, capacity 21240K, committed 21296K, reserved 1067008K
  class space    used 2698K, capacity 2821K, committed 2864K, reserved 1048576K
Event: 10.815 GC heap after
Heap after GC invocations=10 (full 1):
 PSYoungGen      total 138752K, used 0K [0x00000000eb300000, 0x00000000f8f00000, 0x0000000100000000)
  eden space 130560K, 0% used [0x00000000eb300000,0x00000000eb300000,0x00000000f3280000)
  from space 8192K, 0% used [0x00000000f3280000,0x00000000f3280000,0x00000000f3a80000)
  to   space 8192K, 0% used [0x00000000f8700000,0x00000000f8700000,0x00000000f8f00000)
 ParOldGen       total 32256K, used 8606K [0x00000000c1800000, 0x00000000c3780000, 0x00000000eb300000)
  object space 32256K, 26% used [0x00000000c1800000,0x00000000c20678f8,0x00000000c3780000)
 Metaspace       used 20889K, capacity 21240K, committed 21296K, reserved 1067008K
  class space    used 2698K, capacity 2821K, committed 2864K, reserved 1048576K
}
Event: 13.127 GC heap before
{Heap before GC invocations=11 (full 1):
 PSYoungGen      total 138752K, used 130534K [0x00000000eb300000, 0x00000000f8f00000, 0x0000000100000000)
  eden space 130560K, 99% used [0x00000000eb300000,0x00000000f32799e0,0x00000000f3280000)
  from space 8192K, 0% used [0x00000000f3280000,0x00000000f3280000,0x00000000f3a80000)
  to   space 8192K, 0% used [0x00000000f8700000,0x00000000f8700000,0x00000000f8f00000)
 ParOldGen       total 32256K, used 8606K [0x00000000c1800000, 0x00000000c3780000, 0x00000000eb300000)
  object space 32256K, 26% used [0x00000000c1800000,0x00000000c20678f8,0x00000000c3780000)
 Metaspace       used 26276K, capacity 26680K, committed 26928K, reserved 1073152K
  class space    used 3454K, capacity 3573K, committed 3632K, reserved 1048576K
Event: 13.144 GC heap after
Heap after GC invocations=11 (full 1):
 PSYoungGen      total 199680K, used 8176K [0x00000000eb300000, 0x00000000f8f00000, 0x0000000100000000)
  eden space 191488K, 0% used [0x00000000eb300000,0x00000000eb300000,0x00000000f6e00000)
  from space 8192K, 99% used [0x00000000f8700000,0x00000000f8efc2e8,0x00000000f8f00000)
  to   space 10752K, 0% used [0x00000000f7a00000,0x00000000f7a00000,0x00000000f8480000)
 ParOldGen       total 32256K, used 12703K [0x00000000c1800000, 0x00000000c3780000, 0x00000000eb300000)
  object space 32256K, 39% used [0x00000000c1800000,0x00000000c2467cd0,0x00000000c3780000)
 Metaspace       used 26276K, capacity 26680K, committed 26928K, reserved 1073152K
  class space    used 3454K, capacity 3573K, committed 3632K, reserved 1048576K
}
Event: 16.312 GC heap before
{Heap before GC invocations=12 (full 1):
 PSYoungGen      total 199680K, used 199664K [0x00000000eb300000, 0x00000000f8f00000, 0x0000000100000000)
  eden space 191488K, 100% used [0x00000000eb300000,0x00000000f6e00000,0x00000000f6e00000)
  from space 8192K, 99% used [0x00000000f8700000,0x00000000f8efc2e8,0x00000000f8f00000)
  to   space 10752K, 0% used [0x00000000f7a00000,0x00000000f7a00000,0x00000000f8480000)
 ParOldGen       total 32256K, used 12703K [0x00000000c1800000, 0x00000000c3780000, 0x00000000eb300000)
  object space 32256K, 39% used [0x00000000c1800000,0x00000000c2467cd0,0x00000000c3780000)
 Metaspace       used 31378K, capacity 31916K, committed 32048K, reserved 1077248K
  class space    used 4230K, capacity 4371K, committed 4400K, reserved 1048576K
Event: 16.339 GC heap after
Heap after GC invocations=12 (full 1):
 PSYoungGen      total 214528K, used 9935K [0x00000000eb300000, 0x00000000fd880000, 0x0000000100000000)
  eden space 203776K, 0% used [0x00000000eb300000,0x00000000eb300000,0x00000000f7a00000)
  from space 10752K, 92% used [0x00000000f7a00000,0x00000000f83b3d10,0x00000000f8480000)
  to   space 11776K, 0% used [0x00000000fcd00000,0x00000000fcd00000,0x00000000fd880000)
 ParOldGen       total 32256K, used 20609K [0x00000000c1800000, 0x00000000c3780000, 0x00000000eb300000)
  object space 32256K, 63% used [0x00000000c1800000,0x00000000c2c207e0,0x00000000c3780000)
 Metaspace       used 31378K, capacity 31916K, committed 32048K, reserved 1077248K
  class space    used 4230K, capacity 4371K, committed 4400K, reserved 1048576K
}
Event: 17.291 GC heap before
{Heap before GC invocations=13 (full 1):
 PSYoungGen      total 214528K, used 29966K [0x00000000eb300000, 0x00000000fd880000, 0x0000000100000000)
  eden space 203776K, 9% used [0x00000000eb300000,0x00000000ec68fd68,0x00000000f7a00000)
  from space 10752K, 92% used [0x00000000f7a00000,0x00000000f83b3d10,0x00000000f8480000)
  to   space 11776K, 0% used [0x00000000fcd00000,0x00000000fcd00000,0x00000000fd880000)
 ParOldGen       total 32256K, used 20609K [0x00000000c1800000, 0x00000000c3780000, 0x00000000eb300000)
  object space 32256K, 63% used [0x00000000c1800000,0x00000000c2c207e0,0x00000000c3780000)
 Metaspace       used 34766K, capacity 35298K, committed 35496K, reserved 1079296K
  class space    used 4583K, capacity 4708K, committed 4784K, reserved 1048576K
Event: 17.309 GC heap after
Heap after GC invocations=13 (full 1):
 PSYoungGen      total 288768K, used 3585K [0x00000000eb300000, 0x00000000fe780000, 0x0000000100000000)
  eden space 276992K, 0% used [0x00000000eb300000,0x00000000eb300000,0x00000000fc180000)
  from space 11776K, 30% used [0x00000000fcd00000,0x00000000fd080630,0x00000000fd880000)
  to   space 11776K, 0% used [0x00000000fc180000,0x00000000fc180000,0x00000000fcd00000)
 ParOldGen       total 32256K, used 25392K [0x00000000c1800000, 0x00000000c3780000, 0x00000000eb300000)
  object space 32256K, 78% used [0x00000000c1800000,0x00000000c30cc200,0x00000000c3780000)
 Metaspace       used 34766K, capacity 35298K, committed 35496K, reserved 1079296K
  class space    used 4583K, capacity 4708K, committed 4784K, reserved 1048576K
}
Event: 17.309 GC heap before
{Heap before GC invocations=14 (full 2):
 PSYoungGen      total 288768K, used 3585K [0x00000000eb300000, 0x00000000fe780000, 0x0000000100000000)
  eden space 276992K, 0% used [0x00000000eb300000,0x00000000eb300000,0x00000000fc180000)
  from space 11776K, 30% used [0x00000000fcd00000,0x00000000fd080630,0x00000000fd880000)
  to   space 11776K, 0% used [0x00000000fc180000,0x00000000fc180000,0x00000000fcd00000)
 ParOldGen       total 32256K, used 25392K [0x00000000c1800000, 0x00000000c3780000, 0x00000000eb300000)
  object space 32256K, 78% used [0x00000000c1800000,0x00000000c30cc200,0x00000000c3780000)
 Metaspace       used 34766K, capacity 35298K, committed 35496K, reserved 1079296K
  class space    used 4583K, capacity 4708K, committed 4784K, reserved 1048576K
Event: 17.443 GC heap after
Heap after GC invocations=14 (full 2):
 PSYoungGen      total 288768K, used 0K [0x00000000eb300000, 0x00000000fe780000, 0x0000000100000000)
  eden space 276992K, 0% used [0x00000000eb300000,0x00000000eb300000,0x00000000fc180000)
  from space 11776K, 0% used [0x00000000fcd00000,0x00000000fcd00000,0x00000000fd880000)
  to   space 11776K, 0% used [0x00000000fc180000,0x00000000fc180000,0x00000000fcd00000)
 ParOldGen       total 58880K, used 24304K [0x00000000c1800000, 0x00000000c5180000, 0x00000000eb300000)
  object space 58880K, 41% used [0x00000000c1800000,0x00000000c2fbc040,0x00000000c5180000)
 Metaspace       used 34766K, capacity 35298K, committed 35496K, reserved 1079296K
  class space    used 4583K, capacity 4708K, committed 4784K, reserved 1048576K
}

